mode: set
github.com/m-faried/pipelines/IStep.go:33.69,35.25 2 1
github.com/m-faried/pipelines/IStep.go:35.25,37.3 1 1
github.com/m-faried/pipelines/IStep.go:38.2,38.22 1 1
github.com/m-faried/pipelines/builder.go:10.62,12.42 1 1
github.com/m-faried/pipelines/builder.go:12.42,13.23 1 1
github.com/m-faried/pipelines/builder.go:13.23,14.32 1 1
github.com/m-faried/pipelines/builder.go:16.3,19.4 1 1
github.com/m-faried/pipelines/builder.go:22.2,22.52 1 1
github.com/m-faried/pipelines/builder.go:22.52,23.23 1 1
github.com/m-faried/pipelines/builder.go:23.23,24.32 1 1
github.com/m-faried/pipelines/builder.go:26.3,29.4 1 1
github.com/m-faried/pipelines/builder.go:32.2,32.48 1 1
github.com/m-faried/pipelines/builder.go:32.48,33.23 1 1
github.com/m-faried/pipelines/builder.go:33.23,34.32 1 1
github.com/m-faried/pipelines/builder.go:36.3,39.4 1 1
github.com/m-faried/pipelines/builder.go:42.2,42.48 1 1
github.com/m-faried/pipelines/builder.go:42.48,43.28 1 1
github.com/m-faried/pipelines/builder.go:43.28,44.32 1 1
github.com/m-faried/pipelines/builder.go:46.3,49.4 1 1
github.com/m-faried/pipelines/builder.go:52.2,52.44 1 1
github.com/m-faried/pipelines/builder.go:52.44,53.70 1 1
github.com/m-faried/pipelines/builder.go:53.70,54.63 1 1
github.com/m-faried/pipelines/builder.go:56.3,56.75 1 1
github.com/m-faried/pipelines/builder.go:56.75,57.95 1 1
github.com/m-faried/pipelines/builder.go:59.3,59.24 1 1
github.com/m-faried/pipelines/builder.go:59.24,60.59 1 1
github.com/m-faried/pipelines/builder.go:62.3,70.4 1 1
github.com/m-faried/pipelines/builder.go:73.2,73.12 1 1
github.com/m-faried/pipelines/builder.go:78.86,83.2 4 1
github.com/m-faried/pipelines/builder.go:85.98,86.19 1 1
github.com/m-faried/pipelines/builder.go:86.19,88.3 1 1
github.com/m-faried/pipelines/builder.go:89.2,93.13 5 1
github.com/m-faried/pipelines/pipeline.go:64.30,65.23 1 1
github.com/m-faried/pipelines/pipeline.go:65.23,75.35 4 1
github.com/m-faried/pipelines/pipeline.go:75.35,77.4 1 1
github.com/m-faried/pipelines/pipeline.go:80.3,80.37 1 1
github.com/m-faried/pipelines/pipeline.go:80.37,87.4 4 1
github.com/m-faried/pipelines/pipeline.go:90.3,95.82 4 1
github.com/m-faried/pipelines/pipeline.go:99.48,100.22 1 1
github.com/m-faried/pipelines/pipeline.go:100.22,109.42 4 1
github.com/m-faried/pipelines/pipeline.go:109.42,111.39 1 1
github.com/m-faried/pipelines/pipeline.go:111.39,114.5 2 1
github.com/m-faried/pipelines/pipeline.go:119.38,122.24 3 1
github.com/m-faried/pipelines/pipeline.go:122.24,124.3 1 1
github.com/m-faried/pipelines/pipeline.go:127.35,130.29 1 1
github.com/m-faried/pipelines/pipeline.go:130.29,132.3 1 1
github.com/m-faried/pipelines/pipeline.go:135.2,141.31 3 1
github.com/m-faried/pipelines/pipeline.go:141.31,143.3 1 1
github.com/m-faried/pipelines/pipeline.go:146.2,146.24 1 1
github.com/m-faried/pipelines/pipeline.go:149.39,152.2 2 1
github.com/m-faried/pipelines/pipeline.go:154.43,155.29 1 1
github.com/m-faried/pipelines/pipeline.go:155.29,158.3 2 1
github.com/m-faried/pipelines/pipeline.go:161.44,165.2 3 1
github.com/m-faried/pipelines/pipeline.go:167.46,171.2 3 1
github.com/m-faried/pipelines/pipeline.go:173.46,178.2 4 1
github.com/m-faried/pipelines/stepBase.go:32.41,34.2 1 1
github.com/m-faried/pipelines/stepBase.go:36.53,38.2 1 1
github.com/m-faried/pipelines/stepBase.go:40.48,42.2 1 1
github.com/m-faried/pipelines/stepBase.go:44.55,46.2 1 1
github.com/m-faried/pipelines/stepBase.go:48.49,50.2 1 1
github.com/m-faried/pipelines/stepBase.go:52.44,54.2 1 1
github.com/m-faried/pipelines/stepBase.go:56.70,58.2 1 1
github.com/m-faried/pipelines/stepBase.go:60.70,62.2 1 1
github.com/m-faried/pipelines/stepBase.go:64.66,66.2 1 1
github.com/m-faried/pipelines/stepBase.go:68.46,69.27 1 1
github.com/m-faried/pipelines/stepBase.go:69.27,71.3 1 1
github.com/m-faried/pipelines/stepBuffered.go:62.72,63.41 1 1
github.com/m-faried/pipelines/stepBuffered.go:63.41,67.3 1 1
github.com/m-faried/pipelines/stepBuffered.go:68.2,69.6 2 1
github.com/m-faried/pipelines/stepBuffered.go:69.6,70.10 1 1
github.com/m-faried/pipelines/stepBuffered.go:71.21,73.10 2 1
github.com/m-faried/pipelines/stepBuffered.go:74.27,75.11 1 1
github.com/m-faried/pipelines/stepBuffered.go:75.11,78.5 2 1
github.com/m-faried/pipelines/stepBuffered.go:79.4,80.47 2 1
github.com/m-faried/pipelines/stepBuffered.go:81.18,83.47 2 1
github.com/m-faried/pipelines/stepBuffered.go:88.49,90.35 2 1
github.com/m-faried/pipelines/stepBuffered.go:90.35,93.3 2 1
github.com/m-faried/pipelines/stepBuffered.go:94.2,95.26 2 1
github.com/m-faried/pipelines/stepBuffered.go:98.60,108.19 4 1
github.com/m-faried/pipelines/stepBuffered.go:108.19,112.25 1 1
github.com/m-faried/pipelines/stepBuffered.go:112.25,114.4 1 1
github.com/m-faried/pipelines/stepBuffered.go:115.3,115.16 1 1
github.com/m-faried/pipelines/stepBuffered.go:119.2,119.36 1 1
github.com/m-faried/pipelines/stepBuffered.go:119.36,121.3 1 1
github.com/m-faried/pipelines/stepBuffered.go:124.2,126.29 2 1
github.com/m-faried/pipelines/stepBuffered.go:126.29,130.3 2 1
github.com/m-faried/pipelines/stepBuffered.go:133.2,133.31 1 1
github.com/m-faried/pipelines/stepBuffered.go:133.31,135.20 2 1
github.com/m-faried/pipelines/stepBuffered.go:135.20,137.4 1 1
github.com/m-faried/pipelines/stepBuffered.go:138.3,138.26 1 1
github.com/m-faried/pipelines/stepBuffered.go:142.56,149.29 4 1
github.com/m-faried/pipelines/stepBuffered.go:149.29,152.3 2 1
github.com/m-faried/pipelines/stepBuffered.go:155.2,155.31 1 1
github.com/m-faried/pipelines/stepBuffered.go:155.31,157.20 2 1
github.com/m-faried/pipelines/stepBuffered.go:157.20,159.4 1 1
github.com/m-faried/pipelines/stepBuffered.go:160.3,160.26 1 1
github.com/m-faried/pipelines/stepFilter.go:30.70,31.6 1 1
github.com/m-faried/pipelines/stepFilter.go:31.6,32.10 1 1
github.com/m-faried/pipelines/stepFilter.go:33.21,35.10 2 1
github.com/m-faried/pipelines/stepFilter.go:36.27,37.11 1 1
github.com/m-faried/pipelines/stepFilter.go:37.11,40.5 2 1
github.com/m-faried/pipelines/stepFilter.go:41.4,41.25 1 1
github.com/m-faried/pipelines/stepFilter.go:41.25,43.5 1 1
github.com/m-faried/pipelines/stepFilter.go:43.10,45.5 1 1
github.com/m-faried/pipelines/stepFragmenter.go:32.74,33.6 1 1
github.com/m-faried/pipelines/stepFragmenter.go:33.6,34.10 1 1
github.com/m-faried/pipelines/stepFragmenter.go:35.21,37.10 2 1
github.com/m-faried/pipelines/stepFragmenter.go:38.27,39.11 1 1
github.com/m-faried/pipelines/stepFragmenter.go:39.11,42.5 2 1
github.com/m-faried/pipelines/stepFragmenter.go:43.4,44.18 2 1
github.com/m-faried/pipelines/stepFragmenter.go:44.18,46.5 1 1
github.com/m-faried/pipelines/stepFragmenter.go:46.10,47.43 1 1
github.com/m-faried/pipelines/stepFragmenter.go:47.43,51.6 2 1
github.com/m-faried/pipelines/stepFragmenter.go:54.4,54.28 1 1
github.com/m-faried/pipelines/stepResult.go:33.70,34.6 1 1
github.com/m-faried/pipelines/stepResult.go:34.6,35.10 1 1
github.com/m-faried/pipelines/stepResult.go:36.21,38.10 2 1
github.com/m-faried/pipelines/stepResult.go:39.27,40.11 1 1
github.com/m-faried/pipelines/stepResult.go:40.11,43.5 2 1
github.com/m-faried/pipelines/stepResult.go:44.4,46.18 3 1
github.com/m-faried/pipelines/stepResult.go:46.18,48.5 1 1
github.com/m-faried/pipelines/stepStandard.go:26.72,27.6 1 1
github.com/m-faried/pipelines/stepStandard.go:27.6,28.10 1 1
github.com/m-faried/pipelines/stepStandard.go:29.21,31.10 2 1
github.com/m-faried/pipelines/stepStandard.go:32.27,33.11 1 1
github.com/m-faried/pipelines/stepStandard.go:33.11,36.5 2 1
github.com/m-faried/pipelines/stepStandard.go:37.4,38.18 2 1
github.com/m-faried/pipelines/stepStandard.go:38.18,42.5 2 1
github.com/m-faried/pipelines/stepStandard.go:42.10,44.5 1 1
